0 info it worked if it ends with ok
1 verbose cli [ '/usr/local/Cellar/node/11.12.0/bin/node',
1 verbose cli   '/Users/MarkDickinson/.npm-packages/bin/npm',
1 verbose cli   'i',
1 verbose cli   'react-native-vector-icons/Ionicons' ]
2 info using npm@3.10.5
3 info using node@v11.12.0
4 silly loadCurrentTree Starting
5 silly install loadCurrentTree
6 silly install readLocalPackageData
7 silly fetchPackageMetaData react-native-vector-icons/Ionicons
8 silly fetchOtherPackageData react-native-vector-icons/Ionicons
9 silly cache add args [ 'react-native-vector-icons/Ionicons', null ]
10 verbose cache add spec react-native-vector-icons/Ionicons
11 silly cache add parsed spec Result {
11 silly cache add   raw: 'react-native-vector-icons/Ionicons',
11 silly cache add   scope: null,
11 silly cache add   escapedName: null,
11 silly cache add   name: null,
11 silly cache add   rawSpec: 'react-native-vector-icons/Ionicons',
11 silly cache add   spec: 'github:react-native-vector-icons/Ionicons',
11 silly cache add   type: 'hosted',
11 silly cache add   hosted:
11 silly cache add    { type: 'github',
11 silly cache add      ssh: 'git@github.com:react-native-vector-icons/Ionicons.git',
11 silly cache add      sshUrl:
11 silly cache add       'git+ssh://git@github.com/react-native-vector-icons/Ionicons.git',
11 silly cache add      httpsUrl:
11 silly cache add       'git+https://github.com/react-native-vector-icons/Ionicons.git',
11 silly cache add      gitUrl: 'git://github.com/react-native-vector-icons/Ionicons.git',
11 silly cache add      shortcut: 'github:react-native-vector-icons/Ionicons',
11 silly cache add      directUrl:
11 silly cache add       'https://raw.githubusercontent.com/react-native-vector-icons/Ionicons/master/package.json' } }
12 verbose addRemoteGit caching react-native-vector-icons/Ionicons
13 verbose addRemoteGit react-native-vector-icons/Ionicons is a repository hosted by github
14 silly tryGitProto attempting to clone git://github.com/react-native-vector-icons/Ionicons.git
15 silly tryClone cloning react-native-vector-icons/Ionicons via git://github.com/react-native-vector-icons/Ionicons.git
16 verbose tryClone git-github-com-react-native-vector-icons-Ionicons-git-8ec684c2 not in flight; caching
17 verbose correctMkdir /Users/MarkDickinson/.npm/_git-remotes correctMkdir not in flight; initializing
18 info git [ 'clone',
18 info git   '--template=/Users/MarkDickinson/.npm/_git-remotes/_templates',
18 info git   '--mirror',
18 info git   'git://github.com/react-native-vector-icons/Ionicons.git',
18 info git   '/Users/MarkDickinson/.npm/_git-remotes/git-github-com-react-native-vector-icons-Ionicons-git-8ec684c2' ]
19 verbose git clone --template=/Users/MarkDickinson/.npm/_git-remotes/_templates --mirror git://github.com/react-native-vector-icons/Ionicons.git /Users/MarkDickinson/.npm/_git-remotes/git-github-com-react-native-vector-icons-Ionicons-git-8ec684c2: Cloning into bare repository '/Users/MarkDickinson/.npm/_git-remotes/git-github-com-react-native-vector-icons-Ionicons-git-8ec684c2'...
19 verbose git clone --template=/Users/MarkDickinson/.npm/_git-remotes/_templates --mirror git://github.com/react-native-vector-icons/Ionicons.git /Users/MarkDickinson/.npm/_git-remotes/git-github-com-react-native-vector-icons-Ionicons-git-8ec684c2: fatal: remote error:
19 verbose git clone --template=/Users/MarkDickinson/.npm/_git-remotes/_templates --mirror git://github.com/react-native-vector-icons/Ionicons.git /Users/MarkDickinson/.npm/_git-remotes/git-github-com-react-native-vector-icons-Ionicons-git-8ec684c2:   Repository not found.
20 silly tryHTTPS attempting to clone git+https://github.com/react-native-vector-icons/Ionicons.git
21 silly tryClone cloning react-native-vector-icons/Ionicons via git+https://github.com/react-native-vector-icons/Ionicons.git
22 verbose tryClone git-https-github-com-react-native-vector-icons-Ionicons-git-734342ac not in flight; caching
23 verbose correctMkdir /Users/MarkDickinson/.npm/_git-remotes correctMkdir not in flight; initializing
24 info git [ 'clone',
24 info git   '--template=/Users/MarkDickinson/.npm/_git-remotes/_templates',
24 info git   '--mirror',
24 info git   'https://github.com/react-native-vector-icons/Ionicons.git',
24 info git   '/Users/MarkDickinson/.npm/_git-remotes/git-https-github-com-react-native-vector-icons-Ionicons-git-734342ac' ]
25 verbose git clone --template=/Users/MarkDickinson/.npm/_git-remotes/_templates --mirror https://github.com/react-native-vector-icons/Ionicons.git /Users/MarkDickinson/.npm/_git-remotes/git-https-github-com-react-native-vector-icons-Ionicons-git-734342ac: Cloning into bare repository '/Users/MarkDickinson/.npm/_git-remotes/git-https-github-com-react-native-vector-icons-Ionicons-git-734342ac'...
25 verbose git clone --template=/Users/MarkDickinson/.npm/_git-remotes/_templates --mirror https://github.com/react-native-vector-icons/Ionicons.git /Users/MarkDickinson/.npm/_git-remotes/git-https-github-com-react-native-vector-icons-Ionicons-git-734342ac: remote: Repository not found.
25 verbose git clone --template=/Users/MarkDickinson/.npm/_git-remotes/_templates --mirror https://github.com/react-native-vector-icons/Ionicons.git /Users/MarkDickinson/.npm/_git-remotes/git-https-github-com-react-native-vector-icons-Ionicons-git-734342ac: fatal: repository 'https://github.com/react-native-vector-icons/Ionicons.git/' not found
26 silly trySSH attempting to clone git@github.com:react-native-vector-icons/Ionicons.git
27 silly tryClone cloning react-native-vector-icons/Ionicons via git@github.com:react-native-vector-icons/Ionicons.git
28 verbose tryClone git-github-com-react-native-vector-icons-Ionicons-git-e0413811 not in flight; caching
29 verbose correctMkdir /Users/MarkDickinson/.npm/_git-remotes correctMkdir not in flight; initializing
30 info git [ 'clone',
30 info git   '--template=/Users/MarkDickinson/.npm/_git-remotes/_templates',
30 info git   '--mirror',
30 info git   'git@github.com:react-native-vector-icons/Ionicons.git',
30 info git   '/Users/MarkDickinson/.npm/_git-remotes/git-github-com-react-native-vector-icons-Ionicons-git-e0413811' ]
31 error git clone --template=/Users/MarkDickinson/.npm/_git-remotes/_templates --mirror git@github.com:react-native-vector-icons/Ionicons.git /Users/MarkDickinson/.npm/_git-remotes/git-github-com-react-native-vector-icons-Ionicons-git-e0413811: Cloning into bare repository '/Users/MarkDickinson/.npm/_git-remotes/git-github-com-react-native-vector-icons-Ionicons-git-e0413811'...
31 error git clone --template=/Users/MarkDickinson/.npm/_git-remotes/_templates --mirror git@github.com:react-native-vector-icons/Ionicons.git /Users/MarkDickinson/.npm/_git-remotes/git-github-com-react-native-vector-icons-Ionicons-git-e0413811: Warning: Permanently added 'github.com,192.30.253.112' (RSA) to the list of known hosts.
31 error git clone --template=/Users/MarkDickinson/.npm/_git-remotes/_templates --mirror git@github.com:react-native-vector-icons/Ionicons.git /Users/MarkDickinson/.npm/_git-remotes/git-github-com-react-native-vector-icons-Ionicons-git-e0413811: git@github.com: Permission denied (publickey).
31 error git clone --template=/Users/MarkDickinson/.npm/_git-remotes/_templates --mirror git@github.com:react-native-vector-icons/Ionicons.git /Users/MarkDickinson/.npm/_git-remotes/git-github-com-react-native-vector-icons-Ionicons-git-e0413811: fatal: Could not read from remote repository.
31 error git clone --template=/Users/MarkDickinson/.npm/_git-remotes/_templates --mirror git@github.com:react-native-vector-icons/Ionicons.git /Users/MarkDickinson/.npm/_git-remotes/git-github-com-react-native-vector-icons-Ionicons-git-e0413811:
31 error git clone --template=/Users/MarkDickinson/.npm/_git-remotes/_templates --mirror git@github.com:react-native-vector-icons/Ionicons.git /Users/MarkDickinson/.npm/_git-remotes/git-github-com-react-native-vector-icons-Ionicons-git-e0413811: Please make sure you have the correct access rights
31 error git clone --template=/Users/MarkDickinson/.npm/_git-remotes/_templates --mirror git@github.com:react-native-vector-icons/Ionicons.git /Users/MarkDickinson/.npm/_git-remotes/git-github-com-react-native-vector-icons-Ionicons-git-e0413811: and the repository exists.
32 silly fetchPackageMetaData Error: Command failed: git clone --template=/Users/MarkDickinson/.npm/_git-remotes/_templates --mirror git@github.com:react-native-vector-icons/Ionicons.git /Users/MarkDickinson/.npm/_git-remotes/git-github-com-react-native-vector-icons-Ionicons-git-e0413811
32 silly fetchPackageMetaData Cloning into bare repository '/Users/MarkDickinson/.npm/_git-remotes/git-github-com-react-native-vector-icons-Ionicons-git-e0413811'...
32 silly fetchPackageMetaData Warning: Permanently added 'github.com,192.30.253.112' (RSA) to the list of known hosts.
32 silly fetchPackageMetaData git@github.com: Permission denied (publickey).
32 silly fetchPackageMetaData fatal: Could not read from remote repository.
32 silly fetchPackageMetaData
32 silly fetchPackageMetaData Please make sure you have the correct access rights
32 silly fetchPackageMetaData and the repository exists.
32 silly fetchPackageMetaData
32 silly fetchPackageMetaData     at ChildProcess.exithandler (child_process.js:297:12)
32 silly fetchPackageMetaData     at ChildProcess.emit (events.js:197:13)
32 silly fetchPackageMetaData     at maybeClose (internal/child_process.js:988:16)
32 silly fetchPackageMetaData     at Process.ChildProcess._handle.onexit (internal/child_process.js:265:5)
32 silly fetchPackageMetaData  error for react-native-vector-icons/Ionicons { Error: Command failed: git clone --template=/Users/MarkDickinson/.npm/_git-remotes/_templates --mirror git@github.com:react-native-vector-icons/Ionicons.git /Users/MarkDickinson/.npm/_git-remotes/git-github-com-react-native-vector-icons-Ionicons-git-e0413811
32 silly fetchPackageMetaData Cloning into bare repository '/Users/MarkDickinson/.npm/_git-remotes/git-github-com-react-native-vector-icons-Ionicons-git-e0413811'...
32 silly fetchPackageMetaData Warning: Permanently added 'github.com,192.30.253.112' (RSA) to the list of known hosts.
32 silly fetchPackageMetaData git@github.com: Permission denied (publickey).
32 silly fetchPackageMetaData fatal: Could not read from remote repository.
32 silly fetchPackageMetaData
32 silly fetchPackageMetaData Please make sure you have the correct access rights
32 silly fetchPackageMetaData and the repository exists.
32 silly fetchPackageMetaData
32 silly fetchPackageMetaData     at ChildProcess.exithandler (child_process.js:297:12)
32 silly fetchPackageMetaData     at ChildProcess.emit (events.js:197:13)
32 silly fetchPackageMetaData     at maybeClose (internal/child_process.js:988:16)
32 silly fetchPackageMetaData     at Process.ChildProcess._handle.onexit (internal/child_process.js:265:5)
32 silly fetchPackageMetaData   killed: false,
32 silly fetchPackageMetaData   code: 128,
32 silly fetchPackageMetaData   signal: null,
32 silly fetchPackageMetaData   cmd:
32 silly fetchPackageMetaData    'git clone --template=/Users/MarkDickinson/.npm/_git-remotes/_templates --mirror git@github.com:react-native-vector-icons/Ionicons.git /Users/MarkDickinson/.npm/_git-remotes/git-github-com-react-native-vector-icons-Ionicons-git-e0413811' }
33 silly rollbackFailedOptional Starting
34 silly rollbackFailedOptional Finishing
35 silly runTopLevelLifecycles Starting
36 silly runTopLevelLifecycles Finishing
37 silly install printInstalled
38 verbose stack Error: Command failed: git clone --template=/Users/MarkDickinson/.npm/_git-remotes/_templates --mirror git@github.com:react-native-vector-icons/Ionicons.git /Users/MarkDickinson/.npm/_git-remotes/git-github-com-react-native-vector-icons-Ionicons-git-e0413811
38 verbose stack Cloning into bare repository '/Users/MarkDickinson/.npm/_git-remotes/git-github-com-react-native-vector-icons-Ionicons-git-e0413811'...
38 verbose stack Warning: Permanently added 'github.com,192.30.253.112' (RSA) to the list of known hosts.
38 verbose stack git@github.com: Permission denied (publickey).
38 verbose stack fatal: Could not read from remote repository.
38 verbose stack
38 verbose stack Please make sure you have the correct access rights
38 verbose stack and the repository exists.
38 verbose stack
38 verbose stack     at ChildProcess.exithandler (child_process.js:297:12)
38 verbose stack     at ChildProcess.emit (events.js:197:13)
38 verbose stack     at maybeClose (internal/child_process.js:988:16)
38 verbose stack     at Process.ChildProcess._handle.onexit (internal/child_process.js:265:5)
39 verbose cwd /Users/MarkDickinson/Documents/apps/instagram
40 error Darwin 18.2.0
41 error argv "/usr/local/Cellar/node/11.12.0/bin/node" "/Users/MarkDickinson/.npm-packages/bin/npm" "i" "react-native-vector-icons/Ionicons"
42 error node v11.12.0
43 error npm  v3.10.5
44 error code 128
45 error Command failed: git clone --template=/Users/MarkDickinson/.npm/_git-remotes/_templates --mirror git@github.com:react-native-vector-icons/Ionicons.git /Users/MarkDickinson/.npm/_git-remotes/git-github-com-react-native-vector-icons-Ionicons-git-e0413811
45 error Cloning into bare repository '/Users/MarkDickinson/.npm/_git-remotes/git-github-com-react-native-vector-icons-Ionicons-git-e0413811'...
45 error Warning: Permanently added 'github.com,192.30.253.112' (RSA) to the list of known hosts.
45 error git@github.com: Permission denied (publickey).
45 error fatal: Could not read from remote repository.
45 error
45 error Please make sure you have the correct access rights
45 error and the repository exists.
46 error If you need help, you may report this error at:
46 error     <https://github.com/npm/npm/issues>
47 verbose exit [ 1, true ]
